<?xml version="1.0" encoding="UTF-8"?>
<!-- Generated by org.testng.reporters.JUnitReportReporter -->
<testsuite hostname="Laptop-Dell" failures="0" tests="3" name="tests.Login" time="34.988" errors="0" timestamp="2024-04-10T23:16:42 IST" skipped="0">
  <testcase classname="tests.Login" name="testLogin" time="16.713"/>
  <testcase classname="tests.Login" name="testLogin" time="8.483"/>
  <testcase classname="tests.Login" name="testLogin" time="9.792"/>
</testsuite> <!-- tests.Login -->
